[0.012s] Invoking command in '/home/aa274/autonomy_ws/src/Autonomy/build/s3_basic': CMAKE_PREFIX_PATH=${CMAKE_PREFIX_PATH}:/opt/ros/humble /usr/bin/cmake /home/aa274/autonomy_ws/src/Autonomy/s3_basic -DCMAKE_EXPORT_COMPILE_COMMANDS=ON -DCMAKE_BUILD_TYPE=RelWithDebInfo -DAMENT_CMAKE_SYMLINK_INSTALL=1 -DCMAKE_INSTALL_PREFIX=/home/aa274/autonomy_ws/src/Autonomy/install/s3_basic
[0.088s] -- The C compiler identification is GNU 11.4.0
[0.154s] -- The CXX compiler identification is GNU 11.4.0
[0.165s] -- Detecting C compiler ABI info
[0.238s] -- Detecting C compiler ABI info - done
[0.248s] -- Check for working C compiler: /usr/bin/cc - skipped
[0.249s] -- Detecting C compile features
[0.250s] -- Detecting C compile features - done
[0.254s] -- Detecting CXX compiler ABI info
[0.344s] -- Detecting CXX compiler ABI info - done
[0.356s] -- Check for working CXX compiler: /usr/bin/c++ - skipped
[0.356s] -- Detecting CXX compile features
[0.356s] -- Detecting CXX compile features - done
[0.368s] -- Found ament_cmake: 1.3.10 (/opt/ros/humble/share/ament_cmake/cmake)
[0.547s] -- Found Python3: /usr/bin/python3 (found version "3.10.12") found components: Interpreter 
[0.632s] -- Override CMake install command with custom implementation using symlinks instead of copying resources
[0.691s] -- Found ament_lint_auto: 0.12.11 (/opt/ros/humble/share/ament_lint_auto/cmake)
[0.812s] -- Added test 'flake8' to check Python code syntax and style conventions
[0.813s] -- Added test 'lint_cmake' to check CMake code style
[0.814s] -- Added test 'pep257' to check Python code against some of the docstring style conventions in PEP 257
[0.815s] -- Added test 'xmllint' to check XML markup files
[0.818s] -- Configuring done
[0.823s] -- Generating done
[0.825s] [33mCMake Warning:
[0.825s]   Manually-specified variables were not used by the project:
[0.825s] 
[0.825s]     CMAKE_EXPORT_COMPILE_COMMANDS
[0.825s] 
[0.825s] [0m
[0.825s] -- Build files have been written to: /home/aa274/autonomy_ws/src/Autonomy/build/s3_basic
[0.834s] Invoked command in '/home/aa274/autonomy_ws/src/Autonomy/build/s3_basic' returned '0': CMAKE_PREFIX_PATH=${CMAKE_PREFIX_PATH}:/opt/ros/humble /usr/bin/cmake /home/aa274/autonomy_ws/src/Autonomy/s3_basic -DCMAKE_EXPORT_COMPILE_COMMANDS=ON -DCMAKE_BUILD_TYPE=RelWithDebInfo -DAMENT_CMAKE_SYMLINK_INSTALL=1 -DCMAKE_INSTALL_PREFIX=/home/aa274/autonomy_ws/src/Autonomy/install/s3_basic
[0.836s] Invoking command in '/home/aa274/autonomy_ws/src/Autonomy/build/s3_basic': CMAKE_PREFIX_PATH=${CMAKE_PREFIX_PATH}:/opt/ros/humble /usr/bin/cmake --build /home/aa274/autonomy_ws/src/Autonomy/build/s3_basic -- -j8 -l8
[0.880s] Invoked command in '/home/aa274/autonomy_ws/src/Autonomy/build/s3_basic' returned '0': CMAKE_PREFIX_PATH=${CMAKE_PREFIX_PATH}:/opt/ros/humble /usr/bin/cmake --build /home/aa274/autonomy_ws/src/Autonomy/build/s3_basic -- -j8 -l8
[0.912s] Invoking command in '/home/aa274/autonomy_ws/src/Autonomy/build/s3_basic': CMAKE_PREFIX_PATH=${CMAKE_PREFIX_PATH}:/opt/ros/humble /usr/bin/cmake --install /home/aa274/autonomy_ws/src/Autonomy/build/s3_basic
[0.921s] -- Install configuration: "RelWithDebInfo"
[0.921s] -- Execute custom install script
[0.922s] -- Symlinking: /home/aa274/autonomy_ws/src/Autonomy/install/s3_basic/share/ament_index/resource_index/package_run_dependencies/s3_basic
[0.934s] -- Symlinking: /home/aa274/autonomy_ws/src/Autonomy/install/s3_basic/share/ament_index/resource_index/parent_prefix_path/s3_basic
[0.944s] -- Symlinking: /home/aa274/autonomy_ws/src/Autonomy/install/s3_basic/share/s3_basic/environment/ament_prefix_path.sh
[0.953s] -- Symlinking: /home/aa274/autonomy_ws/src/Autonomy/install/s3_basic/share/s3_basic/environment/ament_prefix_path.dsv
[0.963s] -- Symlinking: /home/aa274/autonomy_ws/src/Autonomy/install/s3_basic/share/s3_basic/environment/path.sh
[0.973s] -- Symlinking: /home/aa274/autonomy_ws/src/Autonomy/install/s3_basic/share/s3_basic/environment/path.dsv
[0.983s] -- Symlinking: /home/aa274/autonomy_ws/src/Autonomy/install/s3_basic/share/s3_basic/local_setup.bash
[0.992s] -- Symlinking: /home/aa274/autonomy_ws/src/Autonomy/install/s3_basic/share/s3_basic/local_setup.sh
[1.001s] -- Symlinking: /home/aa274/autonomy_ws/src/Autonomy/install/s3_basic/share/s3_basic/local_setup.zsh
[1.011s] -- Symlinking: /home/aa274/autonomy_ws/src/Autonomy/install/s3_basic/share/s3_basic/local_setup.dsv
[1.023s] -- Symlinking: /home/aa274/autonomy_ws/src/Autonomy/install/s3_basic/share/s3_basic/package.dsv
[1.034s] -- Symlinking: /home/aa274/autonomy_ws/src/Autonomy/install/s3_basic/share/ament_index/resource_index/packages/s3_basic
[1.044s] -- Symlinking: /home/aa274/autonomy_ws/src/Autonomy/install/s3_basic/share/s3_basic/cmake/s3_basicConfig.cmake
[1.054s] -- Symlinking: /home/aa274/autonomy_ws/src/Autonomy/install/s3_basic/share/s3_basic/cmake/s3_basicConfig-version.cmake
[1.063s] -- Symlinking: /home/aa274/autonomy_ws/src/Autonomy/install/s3_basic/share/s3_basic/package.xml
[1.074s] -- Symlinking: /home/aa274/autonomy_ws/src/Autonomy/install/s3_basic/lib/s3_basic/constant_control.py
[1.084s] -- Symlinking: /home/aa274/autonomy_ws/src/Autonomy/install/s3_basic/share/s3_basic/launch/launch.py
[1.093s] -- Symlinking: /home/aa274/autonomy_ws/src/Autonomy/install/s3_basic/share/s3_basic/rviz/section3.rviz
[1.105s] Invoked command in '/home/aa274/autonomy_ws/src/Autonomy/build/s3_basic' returned '0': CMAKE_PREFIX_PATH=${CMAKE_PREFIX_PATH}:/opt/ros/humble /usr/bin/cmake --install /home/aa274/autonomy_ws/src/Autonomy/build/s3_basic
