[0.014s] Invoking command in '/home/aa274/autonomy_ws/src/Autonomy/build/s2_basic': CMAKE_PREFIX_PATH=${CMAKE_PREFIX_PATH}:/opt/ros/humble /usr/bin/cmake /home/aa274/autonomy_ws/src/Autonomy/s2_basic -DCMAKE_EXPORT_COMPILE_COMMANDS=ON -DCMAKE_BUILD_TYPE=RelWithDebInfo -DAMENT_CMAKE_SYMLINK_INSTALL=1 -DCMAKE_INSTALL_PREFIX=/home/aa274/autonomy_ws/src/Autonomy/install/s2_basic
[0.095s] -- The C compiler identification is GNU 11.4.0
[0.160s] -- The CXX compiler identification is GNU 11.4.0
[0.172s] -- Detecting C compiler ABI info
[0.245s] -- Detecting C compiler ABI info - done
[0.256s] -- Check for working C compiler: /usr/bin/cc - skipped
[0.256s] -- Detecting C compile features
[0.257s] -- Detecting C compile features - done
[0.262s] -- Detecting CXX compiler ABI info
[0.351s] -- Detecting CXX compiler ABI info - done
[0.363s] -- Check for working CXX compiler: /usr/bin/c++ - skipped
[0.363s] -- Detecting CXX compile features
[0.364s] -- Detecting CXX compile features - done
[0.376s] -- Found ament_cmake: 1.3.10 (/opt/ros/humble/share/ament_cmake/cmake)
[0.554s] -- Found Python3: /usr/bin/python3 (found version "3.10.12") found components: Interpreter 
[0.637s] -- Override CMake install command with custom implementation using symlinks instead of copying resources
[0.699s] -- Found ament_lint_auto: 0.12.11 (/opt/ros/humble/share/ament_lint_auto/cmake)
[0.819s] -- Added test 'flake8' to check Python code syntax and style conventions
[0.820s] -- Added test 'lint_cmake' to check CMake code style
[0.821s] -- Added test 'pep257' to check Python code against some of the docstring style conventions in PEP 257
[0.822s] -- Added test 'xmllint' to check XML markup files
[0.825s] -- Configuring done
[0.828s] -- Generating done
[0.829s] [33mCMake Warning:
[0.829s]   Manually-specified variables were not used by the project:
[0.829s] 
[0.829s]     CMAKE_EXPORT_COMPILE_COMMANDS
[0.829s] 
[0.829s] [0m
[0.830s] -- Build files have been written to: /home/aa274/autonomy_ws/src/Autonomy/build/s2_basic
[0.837s] Invoked command in '/home/aa274/autonomy_ws/src/Autonomy/build/s2_basic' returned '0': CMAKE_PREFIX_PATH=${CMAKE_PREFIX_PATH}:/opt/ros/humble /usr/bin/cmake /home/aa274/autonomy_ws/src/Autonomy/s2_basic -DCMAKE_EXPORT_COMPILE_COMMANDS=ON -DCMAKE_BUILD_TYPE=RelWithDebInfo -DAMENT_CMAKE_SYMLINK_INSTALL=1 -DCMAKE_INSTALL_PREFIX=/home/aa274/autonomy_ws/src/Autonomy/install/s2_basic
[0.839s] Invoking command in '/home/aa274/autonomy_ws/src/Autonomy/build/s2_basic': CMAKE_PREFIX_PATH=${CMAKE_PREFIX_PATH}:/opt/ros/humble /usr/bin/cmake --build /home/aa274/autonomy_ws/src/Autonomy/build/s2_basic -- -j8 -l8
[0.883s] Invoked command in '/home/aa274/autonomy_ws/src/Autonomy/build/s2_basic' returned '0': CMAKE_PREFIX_PATH=${CMAKE_PREFIX_PATH}:/opt/ros/humble /usr/bin/cmake --build /home/aa274/autonomy_ws/src/Autonomy/build/s2_basic -- -j8 -l8
[0.917s] Invoking command in '/home/aa274/autonomy_ws/src/Autonomy/build/s2_basic': CMAKE_PREFIX_PATH=${CMAKE_PREFIX_PATH}:/opt/ros/humble /usr/bin/cmake --install /home/aa274/autonomy_ws/src/Autonomy/build/s2_basic
[0.926s] -- Install configuration: "RelWithDebInfo"
[0.926s] -- Execute custom install script
[0.927s] -- Symlinking: /home/aa274/autonomy_ws/src/Autonomy/install/s2_basic/share/ament_index/resource_index/package_run_dependencies/s2_basic
[0.939s] -- Symlinking: /home/aa274/autonomy_ws/src/Autonomy/install/s2_basic/share/ament_index/resource_index/parent_prefix_path/s2_basic
[0.950s] -- Symlinking: /home/aa274/autonomy_ws/src/Autonomy/install/s2_basic/share/s2_basic/environment/ament_prefix_path.sh
[0.960s] -- Symlinking: /home/aa274/autonomy_ws/src/Autonomy/install/s2_basic/share/s2_basic/environment/ament_prefix_path.dsv
[0.970s] -- Symlinking: /home/aa274/autonomy_ws/src/Autonomy/install/s2_basic/share/s2_basic/environment/path.sh
[0.981s] -- Symlinking: /home/aa274/autonomy_ws/src/Autonomy/install/s2_basic/share/s2_basic/environment/path.dsv
[0.990s] -- Symlinking: /home/aa274/autonomy_ws/src/Autonomy/install/s2_basic/share/s2_basic/local_setup.bash
[0.999s] -- Symlinking: /home/aa274/autonomy_ws/src/Autonomy/install/s2_basic/share/s2_basic/local_setup.sh
[1.009s] -- Symlinking: /home/aa274/autonomy_ws/src/Autonomy/install/s2_basic/share/s2_basic/local_setup.zsh
[1.018s] -- Symlinking: /home/aa274/autonomy_ws/src/Autonomy/install/s2_basic/share/s2_basic/local_setup.dsv
[1.028s] -- Symlinking: /home/aa274/autonomy_ws/src/Autonomy/install/s2_basic/share/s2_basic/package.dsv
[1.041s] -- Symlinking: /home/aa274/autonomy_ws/src/Autonomy/install/s2_basic/share/ament_index/resource_index/packages/s2_basic
[1.051s] -- Symlinking: /home/aa274/autonomy_ws/src/Autonomy/install/s2_basic/share/s2_basic/cmake/s2_basicConfig.cmake
[1.061s] -- Symlinking: /home/aa274/autonomy_ws/src/Autonomy/install/s2_basic/share/s2_basic/cmake/s2_basicConfig-version.cmake
[1.071s] -- Symlinking: /home/aa274/autonomy_ws/src/Autonomy/install/s2_basic/share/s2_basic/package.xml
[1.081s] -- Symlinking: /home/aa274/autonomy_ws/src/Autonomy/install/s2_basic/lib/s2_basic/constant_control.py
[1.093s] Invoked command in '/home/aa274/autonomy_ws/src/Autonomy/build/s2_basic' returned '0': CMAKE_PREFIX_PATH=${CMAKE_PREFIX_PATH}:/opt/ros/humble /usr/bin/cmake --install /home/aa274/autonomy_ws/src/Autonomy/build/s2_basic
