[0.011s] Invoking command in '/home/aa274/temp/AA174a-HW1/autonomy_repo/build/autonomy_repo': CMAKE_PREFIX_PATH=${CMAKE_PREFIX_PATH}:/opt/ros/humble /usr/bin/cmake /home/aa274/temp/AA174a-HW1/autonomy_repo -DCMAKE_EXPORT_COMPILE_COMMANDS=ON -DCMAKE_BUILD_TYPE=RelWithDebInfo -DAMENT_CMAKE_SYMLINK_INSTALL=1 -DCMAKE_INSTALL_PREFIX=/home/aa274/temp/AA174a-HW1/autonomy_repo/install/autonomy_repo
[0.074s] -- The C compiler identification is GNU 11.4.0
[0.145s] -- The CXX compiler identification is GNU 11.4.0
[0.153s] -- Detecting C compiler ABI info
[0.214s] -- Detecting C compiler ABI info - done
[0.222s] -- Check for working C compiler: /usr/bin/cc - skipped
[0.222s] -- Detecting C compile features
[0.223s] -- Detecting C compile features - done
[0.226s] -- Detecting CXX compiler ABI info
[0.301s] -- Detecting CXX compiler ABI info - done
[0.309s] -- Check for working CXX compiler: /usr/bin/c++ - skipped
[0.310s] -- Detecting CXX compile features
[0.310s] -- Detecting CXX compile features - done
[0.314s] -- Found ament_cmake: 1.3.10 (/opt/ros/humble/share/ament_cmake/cmake)
[0.477s] -- Found Python3: /usr/bin/python3 (found version "3.10.12") found components: Interpreter 
[0.542s] -- Override CMake install command with custom implementation using symlinks instead of copying resources
[0.577s] -- Found ament_lint_auto: 0.12.11 (/opt/ros/humble/share/ament_lint_auto/cmake)
[0.666s] -- Added test 'cppcheck' to perform static code analysis on C / C++ code
[0.666s] -- Configured cppcheck include dirs: 
[0.666s] -- Configured cppcheck exclude dirs and/or files: 
[0.667s] -- Added test 'flake8' to check Python code syntax and style conventions
[0.669s] -- Added test 'lint_cmake' to check CMake code style
[0.670s] -- Added test 'pep257' to check Python code against some of the docstring style conventions in PEP 257
[0.674s] -- Added test 'uncrustify' to check C / C++ code style
[0.674s] -- Configured uncrustify additional arguments: 
[0.675s] -- Added test 'xmllint' to check XML markup files
[0.676s] -- Configuring done
[0.679s] -- Generating done
[0.680s] [33mCMake Warning:
[0.680s]   Manually-specified variables were not used by the project:
[0.680s] 
[0.680s]     CMAKE_EXPORT_COMPILE_COMMANDS
[0.680s] 
[0.680s] [0m
[0.680s] -- Build files have been written to: /home/aa274/temp/AA174a-HW1/autonomy_repo/build/autonomy_repo
[0.685s] Invoked command in '/home/aa274/temp/AA174a-HW1/autonomy_repo/build/autonomy_repo' returned '0': CMAKE_PREFIX_PATH=${CMAKE_PREFIX_PATH}:/opt/ros/humble /usr/bin/cmake /home/aa274/temp/AA174a-HW1/autonomy_repo -DCMAKE_EXPORT_COMPILE_COMMANDS=ON -DCMAKE_BUILD_TYPE=RelWithDebInfo -DAMENT_CMAKE_SYMLINK_INSTALL=1 -DCMAKE_INSTALL_PREFIX=/home/aa274/temp/AA174a-HW1/autonomy_repo/install/autonomy_repo
[0.686s] Invoking command in '/home/aa274/temp/AA174a-HW1/autonomy_repo/build/autonomy_repo': CMAKE_PREFIX_PATH=${CMAKE_PREFIX_PATH}:/opt/ros/humble /usr/bin/cmake --build /home/aa274/temp/AA174a-HW1/autonomy_repo/build/autonomy_repo -- -j8 -l8
[0.720s] Invoked command in '/home/aa274/temp/AA174a-HW1/autonomy_repo/build/autonomy_repo' returned '0': CMAKE_PREFIX_PATH=${CMAKE_PREFIX_PATH}:/opt/ros/humble /usr/bin/cmake --build /home/aa274/temp/AA174a-HW1/autonomy_repo/build/autonomy_repo -- -j8 -l8
[0.751s] Invoking command in '/home/aa274/temp/AA174a-HW1/autonomy_repo/build/autonomy_repo': CMAKE_PREFIX_PATH=${CMAKE_PREFIX_PATH}:/opt/ros/humble /usr/bin/cmake --install /home/aa274/temp/AA174a-HW1/autonomy_repo/build/autonomy_repo
[0.758s] -- Install configuration: "RelWithDebInfo"
[0.758s] -- Execute custom install script
[0.759s] -- Symlinking: /home/aa274/temp/AA174a-HW1/autonomy_repo/install/autonomy_repo/lib/autonomy_repo/heading_controller.py
[0.768s] -- Symlinking: /home/aa274/temp/AA174a-HW1/autonomy_repo/install/autonomy_repo/lib/autonomy_repo/p3_plot.py
[0.777s] -- Symlinking: /home/aa274/temp/AA174a-HW1/autonomy_repo/install/autonomy_repo/share/autonomy_repo/launch/heading_control.launch.py
[0.785s] -- Symlinking: /home/aa274/temp/AA174a-HW1/autonomy_repo/install/autonomy_repo/share/autonomy_repo/rviz/default.rviz
[0.793s] -- Symlinking: /home/aa274/temp/AA174a-HW1/autonomy_repo/install/autonomy_repo/share/ament_index/resource_index/package_run_dependencies/autonomy_repo
[0.801s] -- Symlinking: /home/aa274/temp/AA174a-HW1/autonomy_repo/install/autonomy_repo/share/ament_index/resource_index/parent_prefix_path/autonomy_repo
[0.808s] -- Symlinking: /home/aa274/temp/AA174a-HW1/autonomy_repo/install/autonomy_repo/share/autonomy_repo/environment/ament_prefix_path.sh
[0.817s] -- Symlinking: /home/aa274/temp/AA174a-HW1/autonomy_repo/install/autonomy_repo/share/autonomy_repo/environment/ament_prefix_path.dsv
[0.825s] -- Symlinking: /home/aa274/temp/AA174a-HW1/autonomy_repo/install/autonomy_repo/share/autonomy_repo/environment/path.sh
[0.836s] -- Symlinking: /home/aa274/temp/AA174a-HW1/autonomy_repo/install/autonomy_repo/share/autonomy_repo/environment/path.dsv
[0.843s] -- Symlinking: /home/aa274/temp/AA174a-HW1/autonomy_repo/install/autonomy_repo/share/autonomy_repo/local_setup.bash
[0.853s] -- Symlinking: /home/aa274/temp/AA174a-HW1/autonomy_repo/install/autonomy_repo/share/autonomy_repo/local_setup.sh
[0.861s] -- Symlinking: /home/aa274/temp/AA174a-HW1/autonomy_repo/install/autonomy_repo/share/autonomy_repo/local_setup.zsh
[0.870s] -- Symlinking: /home/aa274/temp/AA174a-HW1/autonomy_repo/install/autonomy_repo/share/autonomy_repo/local_setup.dsv
[0.878s] -- Symlinking: /home/aa274/temp/AA174a-HW1/autonomy_repo/install/autonomy_repo/share/autonomy_repo/package.dsv
[0.886s] -- Symlinking: /home/aa274/temp/AA174a-HW1/autonomy_repo/install/autonomy_repo/share/ament_index/resource_index/packages/autonomy_repo
[0.894s] -- Symlinking: /home/aa274/temp/AA174a-HW1/autonomy_repo/install/autonomy_repo/share/autonomy_repo/cmake/autonomy_repoConfig.cmake
[0.902s] -- Symlinking: /home/aa274/temp/AA174a-HW1/autonomy_repo/install/autonomy_repo/share/autonomy_repo/cmake/autonomy_repoConfig-version.cmake
[0.910s] -- Symlinking: /home/aa274/temp/AA174a-HW1/autonomy_repo/install/autonomy_repo/share/autonomy_repo/package.xml
[0.919s] Invoked command in '/home/aa274/temp/AA174a-HW1/autonomy_repo/build/autonomy_repo' returned '0': CMAKE_PREFIX_PATH=${CMAKE_PREFIX_PATH}:/opt/ros/humble /usr/bin/cmake --install /home/aa274/temp/AA174a-HW1/autonomy_repo/build/autonomy_repo
