[0.115s] DEBUG:colcon:Command line arguments: ['/usr/bin/colcon', 'build']
[0.115s] DEBUG:colcon:Parsed command line arguments: Namespace(log_base=None, log_level=None, verb_name='build', build_base='build', install_base='install', merge_install=False, symlink_install=True, test_result_base=None, continue_on_error=False, executor='parallel', parallel_workers=8, event_handlers=None, ignore_user_meta=False, metas=['./colcon.meta'], base_paths=['.'], packages_ignore=None, packages_ignore_regex=None, paths=None, packages_up_to=None, packages_up_to_regex=None, packages_above=None, packages_above_and_dependencies=None, packages_above_depth=None, packages_select_by_dep=None, packages_skip_by_dep=None, packages_skip_up_to=None, packages_select_build_failed=False, packages_skip_build_finished=False, packages_select_test_failures=False, packages_skip_test_passed=False, packages_select=None, packages_skip=None, packages_select_regex=None, packages_skip_regex=None, packages_start=None, packages_end=None, allow_overriding=[], cmake_args=['-DCMAKE_EXPORT_COMPILE_COMMANDS=ON', '-DCMAKE_BUILD_TYPE=RelWithDebInfo'], cmake_target=None, cmake_target_skip_unavailable=False, cmake_clean_cache=False, cmake_clean_first=False, cmake_force_configure=False, ament_cmake_args=None, catkin_cmake_args=None, catkin_skip_building_tests=False, mixin_files=None, mixin=None, verb_parser=<colcon_mixin.mixin.mixin_argument.MixinArgumentDecorator object at 0x7648a85415d0>, verb_extension=<colcon_core.verb.build.BuildVerb object at 0x7648a8651c00>, main=<bound method BuildVerb.main of <colcon_core.verb.build.BuildVerb object at 0x7648a8651c00>>, mixin_verb=('build',))
[0.280s] Level 1:colcon.colcon_core.package_discovery:discover_packages(colcon_meta) check parameters
[0.280s] Level 1:colcon.colcon_core.package_discovery:discover_packages(recursive) check parameters
[0.281s] Level 1:colcon.colcon_core.package_discovery:discover_packages(ignore) check parameters
[0.281s] Level 1:colcon.colcon_core.package_discovery:discover_packages(path) check parameters
[0.281s] Level 1:colcon.colcon_core.package_discovery:discover_packages(colcon_meta) discover
[0.281s] Level 1:colcon.colcon_core.package_discovery:discover_packages(recursive) discover
[0.281s] INFO:colcon.colcon_core.package_discovery:Crawling recursively for packages in '/home/aa274/temp/AA174a-HW1/autonomy_repo'
[0.281s] Level 1:colcon.colcon_core.package_identification:_identify(.) by extensions ['ignore', 'ignore_ament_install']
[0.281s] Level 1:colcon.colcon_core.package_identification:_identify(.) by extension 'ignore'
[0.281s] Level 1:colcon.colcon_core.package_identification:_identify(.) by extension 'ignore_ament_install'
[0.281s] Level 1:colcon.colcon_core.package_identification:_identify(.) by extensions ['colcon_pkg']
[0.281s] Level 1:colcon.colcon_core.package_identification:_identify(.) by extension 'colcon_pkg'
[0.281s] Level 1:colcon.colcon_core.package_identification:_identify(.) by extensions ['colcon_meta']
[0.281s] Level 1:colcon.colcon_core.package_identification:_identify(.) by extension 'colcon_meta'
[0.281s] Level 1:colcon.colcon_core.package_identification:_identify(.) by extensions ['ros']
[0.281s] Level 1:colcon.colcon_core.package_identification:_identify(.) by extension 'ros'
[0.295s] DEBUG:colcon.colcon_core.package_identification:Package '.' with type 'ros.ament_cmake' and name 'autonomy_repo'
[0.295s] Level 1:colcon.colcon_core.package_discovery:discover_packages(recursive) using defaults
[0.295s] Level 1:colcon.colcon_core.package_discovery:discover_packages(ignore) discover
[0.295s] Level 1:colcon.colcon_core.package_discovery:discover_packages(ignore) using defaults
[0.295s] Level 1:colcon.colcon_core.package_discovery:discover_packages(path) discover
[0.295s] Level 1:colcon.colcon_core.package_discovery:discover_packages(path) using defaults
[0.315s] Level 1:colcon.colcon_core.package_discovery:discover_packages(prefix_path) check parameters
[0.315s] Level 1:colcon.colcon_core.package_discovery:discover_packages(prefix_path) discover
[0.318s] DEBUG:colcon.colcon_installed_package_information.package_discovery:Found 17 installed packages in /home/aa274/tb_ws/install
[0.319s] DEBUG:colcon.colcon_installed_package_information.package_discovery:Found 239 installed packages in /opt/ros/humble
[0.332s] Level 1:colcon.colcon_core.package_discovery:discover_packages(prefix_path) using defaults
[0.363s] Level 5:colcon.colcon_core.verb:set package 'autonomy_repo' build argument 'cmake_args' from command line to '['-DCMAKE_EXPORT_COMPILE_COMMANDS=ON', '-DCMAKE_BUILD_TYPE=RelWithDebInfo']'
[0.363s] Level 5:colcon.colcon_core.verb:set package 'autonomy_repo' build argument 'cmake_target' from command line to 'None'
[0.363s] Level 5:colcon.colcon_core.verb:set package 'autonomy_repo' build argument 'cmake_target_skip_unavailable' from command line to 'False'
[0.363s] Level 5:colcon.colcon_core.verb:set package 'autonomy_repo' build argument 'cmake_clean_cache' from command line to 'False'
[0.363s] Level 5:colcon.colcon_core.verb:set package 'autonomy_repo' build argument 'cmake_clean_first' from command line to 'False'
[0.363s] Level 5:colcon.colcon_core.verb:set package 'autonomy_repo' build argument 'cmake_force_configure' from command line to 'False'
[0.363s] Level 5:colcon.colcon_core.verb:set package 'autonomy_repo' build argument 'ament_cmake_args' from command line to 'None'
[0.363s] Level 5:colcon.colcon_core.verb:set package 'autonomy_repo' build argument 'catkin_cmake_args' from command line to 'None'
[0.363s] Level 5:colcon.colcon_core.verb:set package 'autonomy_repo' build argument 'catkin_skip_building_tests' from command line to 'False'
[0.363s] DEBUG:colcon.colcon_core.verb:Building package 'autonomy_repo' with the following arguments: {'ament_cmake_args': None, 'build_base': '/home/aa274/temp/AA174a-HW1/autonomy_repo/build/autonomy_repo', 'catkin_cmake_args': None, 'catkin_skip_building_tests': False, 'cmake_args': ['-DCMAKE_EXPORT_COMPILE_COMMANDS=ON', '-DCMAKE_BUILD_TYPE=RelWithDebInfo'], 'cmake_clean_cache': False, 'cmake_clean_first': False, 'cmake_force_configure': False, 'cmake_target': None, 'cmake_target_skip_unavailable': False, 'install_base': '/home/aa274/temp/AA174a-HW1/autonomy_repo/install/autonomy_repo', 'merge_install': False, 'path': '/home/aa274/temp/AA174a-HW1/autonomy_repo', 'symlink_install': True, 'test_result_base': None}
[0.363s] INFO:colcon.colcon_core.executor:Executing jobs using 'parallel' executor
[0.364s] DEBUG:colcon.colcon_parallel_executor.executor.parallel:run_until_complete
[0.364s] INFO:colcon.colcon_ros.task.ament_cmake.build:Building ROS package in '/home/aa274/temp/AA174a-HW1/autonomy_repo' with build type 'ament_cmake'
[0.364s] INFO:colcon.colcon_cmake.task.cmake.build:Building CMake package in '/home/aa274/temp/AA174a-HW1/autonomy_repo'
[0.366s] INFO:colcon.colcon_core.plugin_system:Skipping extension 'colcon_core.shell.bat': Not used on non-Windows systems
[0.367s] INFO:colcon.colcon_core.shell:Skip shell extension 'powershell' for command environment: Not usable outside of PowerShell
[0.367s] DEBUG:colcon.colcon_core.shell:Skip shell extension 'dsv' for command environment
[0.376s] DEBUG:colcon.colcon_core.event_handler.log_command:Invoking command in '/home/aa274/temp/AA174a-HW1/autonomy_repo/build/autonomy_repo': CMAKE_PREFIX_PATH=${CMAKE_PREFIX_PATH}:/opt/ros/humble /usr/bin/cmake /home/aa274/temp/AA174a-HW1/autonomy_repo -DCMAKE_EXPORT_COMPILE_COMMANDS=ON -DCMAKE_BUILD_TYPE=RelWithDebInfo -DAMENT_CMAKE_SYMLINK_INSTALL=1 -DCMAKE_INSTALL_PREFIX=/home/aa274/temp/AA174a-HW1/autonomy_repo/install/autonomy_repo
[1.049s] DEBUG:colcon.colcon_core.event_handler.log_command:Invoked command in '/home/aa274/temp/AA174a-HW1/autonomy_repo/build/autonomy_repo' returned '0': CMAKE_PREFIX_PATH=${CMAKE_PREFIX_PATH}:/opt/ros/humble /usr/bin/cmake /home/aa274/temp/AA174a-HW1/autonomy_repo -DCMAKE_EXPORT_COMPILE_COMMANDS=ON -DCMAKE_BUILD_TYPE=RelWithDebInfo -DAMENT_CMAKE_SYMLINK_INSTALL=1 -DCMAKE_INSTALL_PREFIX=/home/aa274/temp/AA174a-HW1/autonomy_repo/install/autonomy_repo
[1.051s] DEBUG:colcon.colcon_core.event_handler.log_command:Invoking command in '/home/aa274/temp/AA174a-HW1/autonomy_repo/build/autonomy_repo': CMAKE_PREFIX_PATH=${CMAKE_PREFIX_PATH}:/opt/ros/humble /usr/bin/cmake --build /home/aa274/temp/AA174a-HW1/autonomy_repo/build/autonomy_repo -- -j8 -l8
[1.085s] DEBUG:colcon.colcon_core.event_handler.log_command:Invoked command in '/home/aa274/temp/AA174a-HW1/autonomy_repo/build/autonomy_repo' returned '0': CMAKE_PREFIX_PATH=${CMAKE_PREFIX_PATH}:/opt/ros/humble /usr/bin/cmake --build /home/aa274/temp/AA174a-HW1/autonomy_repo/build/autonomy_repo -- -j8 -l8
[1.116s] DEBUG:colcon.colcon_core.event_handler.log_command:Invoking command in '/home/aa274/temp/AA174a-HW1/autonomy_repo/build/autonomy_repo': CMAKE_PREFIX_PATH=${CMAKE_PREFIX_PATH}:/opt/ros/humble /usr/bin/cmake --install /home/aa274/temp/AA174a-HW1/autonomy_repo/build/autonomy_repo
[1.284s] Level 1:colcon.colcon_core.environment:create_environment_scripts_only(autonomy_repo)
[1.284s] DEBUG:colcon.colcon_core.event_handler.log_command:Invoked command in '/home/aa274/temp/AA174a-HW1/autonomy_repo/build/autonomy_repo' returned '0': CMAKE_PREFIX_PATH=${CMAKE_PREFIX_PATH}:/opt/ros/humble /usr/bin/cmake --install /home/aa274/temp/AA174a-HW1/autonomy_repo/build/autonomy_repo
[1.287s] Level 1:colcon.colcon_core.environment:checking '/home/aa274/temp/AA174a-HW1/autonomy_repo/install/autonomy_repo' for CMake module files
[1.287s] Level 1:colcon.colcon_core.environment:checking '/home/aa274/temp/AA174a-HW1/autonomy_repo/install/autonomy_repo' for CMake config files
[1.288s] Level 1:colcon.colcon_core.shell:create_environment_hook('autonomy_repo', 'cmake_prefix_path')
[1.288s] INFO:colcon.colcon_core.shell:Creating environment hook '/home/aa274/temp/AA174a-HW1/autonomy_repo/install/autonomy_repo/share/autonomy_repo/hook/cmake_prefix_path.ps1'
[1.289s] INFO:colcon.colcon_core.shell:Creating environment descriptor '/home/aa274/temp/AA174a-HW1/autonomy_repo/install/autonomy_repo/share/autonomy_repo/hook/cmake_prefix_path.dsv'
[1.289s] INFO:colcon.colcon_core.shell:Creating environment hook '/home/aa274/temp/AA174a-HW1/autonomy_repo/install/autonomy_repo/share/autonomy_repo/hook/cmake_prefix_path.sh'
[1.290s] Level 1:colcon.colcon_core.environment:checking '/home/aa274/temp/AA174a-HW1/autonomy_repo/install/autonomy_repo/lib'
[1.290s] Level 1:colcon.colcon_core.environment:checking '/home/aa274/temp/AA174a-HW1/autonomy_repo/install/autonomy_repo/bin'
[1.290s] Level 1:colcon.colcon_core.environment:checking '/home/aa274/temp/AA174a-HW1/autonomy_repo/install/autonomy_repo/lib/pkgconfig/autonomy_repo.pc'
[1.290s] Level 1:colcon.colcon_core.environment:checking '/home/aa274/temp/AA174a-HW1/autonomy_repo/install/autonomy_repo/lib/python3.10/site-packages'
[1.290s] Level 1:colcon.colcon_core.environment:checking '/home/aa274/temp/AA174a-HW1/autonomy_repo/install/autonomy_repo/bin'
[1.291s] INFO:colcon.colcon_core.shell:Creating package script '/home/aa274/temp/AA174a-HW1/autonomy_repo/install/autonomy_repo/share/autonomy_repo/package.ps1'
[1.292s] INFO:colcon.colcon_core.shell:Creating package descriptor '/home/aa274/temp/AA174a-HW1/autonomy_repo/install/autonomy_repo/share/autonomy_repo/package.dsv'
[1.292s] INFO:colcon.colcon_core.shell:Creating package script '/home/aa274/temp/AA174a-HW1/autonomy_repo/install/autonomy_repo/share/autonomy_repo/package.sh'
[1.293s] INFO:colcon.colcon_core.shell:Creating package script '/home/aa274/temp/AA174a-HW1/autonomy_repo/install/autonomy_repo/share/autonomy_repo/package.bash'
[1.294s] INFO:colcon.colcon_core.shell:Creating package script '/home/aa274/temp/AA174a-HW1/autonomy_repo/install/autonomy_repo/share/autonomy_repo/package.zsh'
[1.295s] Level 1:colcon.colcon_core.environment:create_file_with_runtime_dependencies(/home/aa274/temp/AA174a-HW1/autonomy_repo/install/autonomy_repo/share/colcon-core/packages/autonomy_repo)
[1.316s] Level 1:colcon.colcon_core.environment:create_environment_scripts_only(autonomy_repo)
[1.317s] Level 1:colcon.colcon_core.environment:checking '/home/aa274/temp/AA174a-HW1/autonomy_repo/install/autonomy_repo' for CMake module files
[1.317s] Level 1:colcon.colcon_core.environment:checking '/home/aa274/temp/AA174a-HW1/autonomy_repo/install/autonomy_repo' for CMake config files
[1.318s] Level 1:colcon.colcon_core.shell:create_environment_hook('autonomy_repo', 'cmake_prefix_path')
[1.318s] INFO:colcon.colcon_core.shell:Creating environment hook '/home/aa274/temp/AA174a-HW1/autonomy_repo/install/autonomy_repo/share/autonomy_repo/hook/cmake_prefix_path.ps1'
[1.318s] INFO:colcon.colcon_core.shell:Creating environment descriptor '/home/aa274/temp/AA174a-HW1/autonomy_repo/install/autonomy_repo/share/autonomy_repo/hook/cmake_prefix_path.dsv'
[1.319s] INFO:colcon.colcon_core.shell:Creating environment hook '/home/aa274/temp/AA174a-HW1/autonomy_repo/install/autonomy_repo/share/autonomy_repo/hook/cmake_prefix_path.sh'
[1.319s] Level 1:colcon.colcon_core.environment:checking '/home/aa274/temp/AA174a-HW1/autonomy_repo/install/autonomy_repo/lib'
[1.319s] Level 1:colcon.colcon_core.environment:checking '/home/aa274/temp/AA174a-HW1/autonomy_repo/install/autonomy_repo/bin'
[1.319s] Level 1:colcon.colcon_core.environment:checking '/home/aa274/temp/AA174a-HW1/autonomy_repo/install/autonomy_repo/lib/pkgconfig/autonomy_repo.pc'
[1.319s] Level 1:colcon.colcon_core.environment:checking '/home/aa274/temp/AA174a-HW1/autonomy_repo/install/autonomy_repo/lib/python3.10/site-packages'
[1.320s] Level 1:colcon.colcon_core.environment:checking '/home/aa274/temp/AA174a-HW1/autonomy_repo/install/autonomy_repo/bin'
[1.320s] INFO:colcon.colcon_core.shell:Creating package script '/home/aa274/temp/AA174a-HW1/autonomy_repo/install/autonomy_repo/share/autonomy_repo/package.ps1'
[1.320s] INFO:colcon.colcon_core.shell:Creating package descriptor '/home/aa274/temp/AA174a-HW1/autonomy_repo/install/autonomy_repo/share/autonomy_repo/package.dsv'
[1.321s] INFO:colcon.colcon_core.shell:Creating package script '/home/aa274/temp/AA174a-HW1/autonomy_repo/install/autonomy_repo/share/autonomy_repo/package.sh'
[1.321s] INFO:colcon.colcon_core.shell:Creating package script '/home/aa274/temp/AA174a-HW1/autonomy_repo/install/autonomy_repo/share/autonomy_repo/package.bash'
[1.322s] INFO:colcon.colcon_core.shell:Creating package script '/home/aa274/temp/AA174a-HW1/autonomy_repo/install/autonomy_repo/share/autonomy_repo/package.zsh'
[1.322s] Level 1:colcon.colcon_core.environment:create_file_with_runtime_dependencies(/home/aa274/temp/AA174a-HW1/autonomy_repo/install/autonomy_repo/share/colcon-core/packages/autonomy_repo)
[1.322s] DEBUG:colcon.colcon_parallel_executor.executor.parallel:closing loop
[1.323s] DEBUG:colcon.colcon_parallel_executor.executor.parallel:loop closed
[1.323s] DEBUG:colcon.colcon_parallel_executor.executor.parallel:run_until_complete finished with '0'
[1.323s] DEBUG:colcon.colcon_core.event_reactor:joining thread
[1.328s] INFO:colcon.colcon_core.plugin_system:Skipping extension 'colcon_notification.desktop_notification.terminal_notifier': Not used on non-Darwin systems
[1.328s] INFO:colcon.colcon_core.plugin_system:Skipping extension 'colcon_notification.desktop_notification.win32': Not used on non-Windows systems
[1.328s] INFO:colcon.colcon_notification.desktop_notification:Sending desktop notification using 'notify2'
[1.340s] DEBUG:colcon.colcon_core.event_reactor:joined thread
[1.340s] INFO:colcon.colcon_core.shell:Creating prefix script '/home/aa274/temp/AA174a-HW1/autonomy_repo/install/local_setup.ps1'
[1.341s] INFO:colcon.colcon_core.shell:Creating prefix util module '/home/aa274/temp/AA174a-HW1/autonomy_repo/install/_local_setup_util_ps1.py'
[1.342s] INFO:colcon.colcon_core.shell:Creating prefix chain script '/home/aa274/temp/AA174a-HW1/autonomy_repo/install/setup.ps1'
[1.344s] INFO:colcon.colcon_core.shell:Creating prefix script '/home/aa274/temp/AA174a-HW1/autonomy_repo/install/local_setup.sh'
[1.344s] INFO:colcon.colcon_core.shell:Creating prefix util module '/home/aa274/temp/AA174a-HW1/autonomy_repo/install/_local_setup_util_sh.py'
[1.345s] INFO:colcon.colcon_core.shell:Creating prefix chain script '/home/aa274/temp/AA174a-HW1/autonomy_repo/install/setup.sh'
[1.347s] INFO:colcon.colcon_core.shell:Creating prefix script '/home/aa274/temp/AA174a-HW1/autonomy_repo/install/local_setup.bash'
[1.347s] INFO:colcon.colcon_core.shell:Creating prefix chain script '/home/aa274/temp/AA174a-HW1/autonomy_repo/install/setup.bash'
[1.350s] INFO:colcon.colcon_core.shell:Creating prefix script '/home/aa274/temp/AA174a-HW1/autonomy_repo/install/local_setup.zsh'
[1.351s] INFO:colcon.colcon_core.shell:Creating prefix chain script '/home/aa274/temp/AA174a-HW1/autonomy_repo/install/setup.zsh'
